# JRE version: Java(TM) SE Runtime Environment (8.0_45-b15) (build 1.8.0_45-b15)
# Java VM: Java HotSpot(TM) 64-Bit Server VM (25.45-b02 mixed mode windows-amd64 compressed oops)
Heap:
 PSYoungGen      total 154112K, used 73129K [0x00000000f5580000, 0x00000000ffd00000, 0x0000000100000000)
  eden space 139264K, 49% used [0x00000000f5580000,0x00000000f9955610,0x00000000fdd80000)
  from space 14848K, 24% used [0x00000000fdd80000,0x00000000fe1150d8,0x00000000fec00000)
  to   space 14336K, 0% used [0x00000000fef00000,0x00000000fef00000,0x00000000ffd00000)
 ParOldGen       total 98816K, used 49568K [0x00000000e0000000, 0x00000000e6080000, 0x00000000f5580000)
  object space 98816K, 50% used [0x00000000e0000000,0x00000000e30683b8,0x00000000e6080000)
 Metaspace       used 88240K, capacity 95414K, committed 95744K, reserved 1132544K
  class space    used 10558K, capacity 12713K, committed 12800K, reserved 1048576K
GC Heap History (10 events):
Event: 994.030 GC heap before
{Heap before GC invocations=45 (full 12):
 PSYoungGen      total 152064K, used 17878K [0x00000000f5580000, 0x00000000ffd80000, 0x0000000100000000)
  eden space 135168K, 10% used [0x00000000f5580000,0x00000000f62bcc48,0x00000000fd980000)
  from space 16896K, 25% used [0x00000000fe980000,0x00000000fedb8e50,0x00000000ffa00000)
  to   space 16384K, 0% used [0x00000000fd980000,0x00000000fd980000,0x00000000fe980000)
 ParOldGen       total 98816K, used 50113K [0x00000000e0000000, 0x00000000e6080000, 0x00000000f5580000)
  object space 98816K, 50% used [0x00000000e0000000,0x00000000e30f0610,0x00000000e6080000)
 Metaspace       used 86899K, capacity 94060K, committed 94208K, reserved 1130496K
  class space    used 10462K, capacity 12520K, committed 12544K, reserved 1048576K
Event: 994.039 GC heap after
Heap after GC invocations=45 (full 12):
 PSYoungGen      total 151552K, used 4180K [0x00000000f5580000, 0x00000000ffb80000, 0x0000000100000000)
  eden space 135168K, 0% used [0x00000000f5580000,0x00000000f5580000,0x00000000fd980000)
  from space 16384K, 25% used [0x00000000fd980000,0x00000000fdd950e8,0x00000000fe980000)
  to   space 15360K, 0% used [0x00000000fec80000,0x00000000fec80000,0x00000000ffb80000)
 ParOldGen       total 98816K, used 50121K [0x00000000e0000000, 0x00000000e6080000, 0x00000000f5580000)
  object space 98816K, 50% used [0x00000000e0000000,0x00000000e30f2610,0x00000000e6080000)
 Metaspace       used 86899K, capacity 94060K, committed 94208K, reserved 1130496K
  class space    used 10462K, capacity 12520K, committed 12544K, reserved 1048576K
}
Event: 994.039 GC heap before
{Heap before GC invocations=46 (full 13):
 PSYoungGen      total 151552K, used 4180K [0x00000000f5580000, 0x00000000ffb80000, 0x0000000100000000)
  eden space 135168K, 0% used [0x00000000f5580000,0x00000000f5580000,0x00000000fd980000)
  from space 16384K, 25% used [0x00000000fd980000,0x00000000fdd950e8,0x00000000fe980000)
  to   space 15360K, 0% used [0x00000000fec80000,0x00000000fec80000,0x00000000ffb80000)
 ParOldGen       total 98816K, used 50121K [0x00000000e0000000, 0x00000000e6080000, 0x00000000f5580000)
  object space 98816K, 50% used [0x00000000e0000000,0x00000000e30f2610,0x00000000e6080000)
 Metaspace       used 86899K, capacity 94060K, committed 94208K, reserved 1130496K
  class space    used 10462K, capacity 12520K, committed 12544K, reserved 1048576K
Event: 994.483 GC heap after
Heap after GC invocations=46 (full 13):
 PSYoungGen      total 151552K, used 0K [0x00000000f5580000, 0x00000000ffb80000, 0x0000000100000000)
  eden space 135168K, 0% used [0x00000000f5580000,0x00000000f5580000,0x00000000fd980000)
  from space 16384K, 0% used [0x00000000fd980000,0x00000000fd980000,0x00000000fe980000)
  to   space 15360K, 0% used [0x00000000fec80000,0x00000000fec80000,0x00000000ffb80000)
 ParOldGen       total 98816K, used 49883K [0x00000000e0000000, 0x00000000e6080000, 0x00000000f5580000)
  object space 98816K, 50% used [0x00000000e0000000,0x00000000e30b6db0,0x00000000e6080000)
 Metaspace       used 86890K, capacity 94042K, committed 94208K, reserved 1130496K
  class space    used 10461K, capacity 12517K, committed 12544K, reserved 1048576K
}
Event: 1058.139 GC heap before
{Heap before GC invocations=47 (full 13):
 PSYoungGen      total 151552K, used 48881K [0x00000000f5580000, 0x00000000ffb80000, 0x0000000100000000)
  eden space 135168K, 36% used [0x00000000f5580000,0x00000000f853c400,0x00000000fd980000)
  from space 16384K, 0% used [0x00000000fd980000,0x00000000fd980000,0x00000000fe980000)
  to   space 15360K, 0% used [0x00000000fec80000,0x00000000fec80000,0x00000000ffb80000)
 ParOldGen       total 98816K, used 49883K [0x00000000e0000000, 0x00000000e6080000, 0x00000000f5580000)
  object space 98816K, 50% used [0x00000000e0000000,0x00000000e30b6db0,0x00000000e6080000)
 Metaspace       used 87038K, capacity 94214K, committed 94592K, reserved 1130496K
  class space    used 10462K, capacity 12551K, committed 12672K, reserved 1048576K
Event: 1058.144 GC heap after
Heap after GC invocations=47 (full 13):
 PSYoungGen      total 153600K, used 1319K [0x00000000f5580000, 0x00000000ffa80000, 0x0000000100000000)
  eden space 139264K, 0% used [0x00000000f5580000,0x00000000f5580000,0x00000000fdd80000)
  from space 14336K, 9% used [0x00000000fec80000,0x00000000fedc9c60,0x00000000ffa80000)
  to   space 14848K, 0% used [0x00000000fdd80000,0x00000000fdd80000,0x00000000fec00000)
 ParOldGen       total 98816K, used 49891K [0x00000000e0000000, 0x00000000e6080000, 0x00000000f5580000)
  object space 98816K, 50% used [0x00000000e0000000,0x00000000e30b8db0,0x00000000e6080000)
 Metaspace       used 87038K, capacity 94214K, committed 94592K, reserved 1130496K
  class space    used 10462K, capacity 12551K, committed 12672K, reserved 1048576K
}
Event: 1058.144 GC heap before
{Heap before GC invocations=48 (full 14):
 PSYoungGen      total 153600K, used 1319K [0x00000000f5580000, 0x00000000ffa80000, 0x0000000100000000)
  eden space 139264K, 0% used [0x00000000f5580000,0x00000000f5580000,0x00000000fdd80000)
  from space 14336K, 9% used [0x00000000fec80000,0x00000000fedc9c60,0x00000000ffa80000)
  to   space 14848K, 0% used [0x00000000fdd80000,0x00000000fdd80000,0x00000000fec00000)
 ParOldGen       total 98816K, used 49891K [0x00000000e0000000, 0x00000000e6080000, 0x00000000f5580000)
  object space 98816K, 50% used [0x00000000e0000000,0x00000000e30b8db0,0x00000000e6080000)
 Metaspace       used 87038K, capacity 94214K, committed 94592K, reserved 1130496K
  class space    used 10462K, capacity 12551K, committed 12672K, reserved 1048576K
Event: 1058.518 GC heap after
Heap after GC invocations=48 (full 14):
 PSYoungGen      total 153600K, used 0K [0x00000000f5580000, 0x00000000ffa80000, 0x0000000100000000)
  eden space 139264K, 0% used [0x00000000f5580000,0x00000000f5580000,0x00000000fdd80000)
  from space 14336K, 0% used [0x00000000fec80000,0x00000000fec80000,0x00000000ffa80000)
  to   space 14848K, 0% used [0x00000000fdd80000,0x00000000fdd80000,0x00000000fec00000)
 ParOldGen       total 98816K, used 49560K [0x00000000e0000000, 0x00000000e6080000, 0x00000000f5580000)
  object space 98816K, 50% used [0x00000000e0000000,0x00000000e30663b8,0x00000000e6080000)
 Metaspace       used 87038K, capacity 94214K, committed 94592K, reserved 1130496K
  class space    used 10462K, capacity 12551K, committed 12672K, reserved 1048576K
}
Event: 1160.311 GC heap before
{Heap before GC invocations=49 (full 14):
 PSYoungGen      total 153600K, used 139264K [0x00000000f5580000, 0x00000000ffa80000, 0x0000000100000000)
  eden space 139264K, 100% used [0x00000000f5580000,0x00000000fdd80000,0x00000000fdd80000)
  from space 14336K, 0% used [0x00000000fec80000,0x00000000fec80000,0x00000000ffa80000)
  to   space 14848K, 0% used [0x00000000fdd80000,0x00000000fdd80000,0x00000000fec00000)
 ParOldGen       total 98816K, used 49560K [0x00000000e0000000, 0x00000000e6080000, 0x00000000f5580000)
  object space 98816K, 50% used [0x00000000e0000000,0x00000000e30663b8,0x00000000e6080000)
 Metaspace       used 87446K, capacity 94732K, committed 95104K, reserved 1132544K
  class space    used 10474K, capacity 12552K, committed 12672K, reserved 1048576K
Event: 1160.319 GC heap after
Heap after GC invocations=49 (full 14):
 PSYoungGen      total 154112K, used 3668K [0x00000000f5580000, 0x00000000ffd00000, 0x0000000100000000)
  eden space 139264K, 0% used [0x00000000f5580000,0x00000000f5580000,0x00000000fdd80000)
  from space 14848K, 24% used [0x00000000fdd80000,0x00000000fe1150d8,0x00000000fec00000)
  to   space 14336K, 0% used [0x00000000fef00000,0x00000000fef00000,0x00000000ffd00000)
 ParOldGen       total 98816K, used 49568K [0x00000000e0000000, 0x00000000e6080000, 0x00000000f5580000)
  object space 98816K, 50% used [0x00000000e0000000,0x00000000e30683b8,0x00000000e6080000)
 Metaspace       used 87446K, capacity 94732K, committed 95104K, reserved 1132544K
  class space    used 10474K, capacity 12552K, committed 12672K, reserved 1048576K
}

