# JRE version: Java(TM) SE Runtime Environment (8.0_45-b15) (build 1.8.0_45-b15)
# Java VM: Java HotSpot(TM) 64-Bit Server VM (25.45-b02 mixed mode windows-amd64 compressed oops)
Heap:
 PSYoungGen      total 97280K, used 28047K [0x00000000f5580000, 0x00000000fb600000, 0x0000000100000000)
  eden space 95744K, 29% used [0x00000000f5580000,0x00000000f70e3f00,0x00000000fb300000)
  from space 1536K, 0% used [0x00000000fb480000,0x00000000fb480000,0x00000000fb600000)
  to   space 1536K, 0% used [0x00000000fb300000,0x00000000fb300000,0x00000000fb480000)
 ParOldGen       total 105472K, used 37196K [0x00000000e0000000, 0x00000000e6700000, 0x00000000f5580000)
  object space 105472K, 35% used [0x00000000e0000000,0x00000000e24533a0,0x00000000e6700000)
 Metaspace       used 87030K, capacity 94062K, committed 94208K, reserved 1130496K
  class space    used 10580K, capacity 12721K, committed 12800K, reserved 1048576K
GC Heap History (10 events):
Event: 4569.938 GC heap before
{Heap before GC invocations=164 (full 74):
 PSYoungGen      total 96256K, used 995K [0x00000000f5580000, 0x00000000fb600000, 0x0000000100000000)
  eden space 95232K, 0% used [0x00000000f5580000,0x00000000f5580000,0x00000000fb280000)
  from space 1024K, 97% used [0x00000000fb400000,0x00000000fb4f8ee0,0x00000000fb500000)
  to   space 1536K, 0% used [0x00000000fb280000,0x00000000fb280000,0x00000000fb400000)
 ParOldGen       total 105472K, used 37048K [0x00000000e0000000, 0x00000000e6700000, 0x00000000f5580000)
  object space 105472K, 35% used [0x00000000e0000000,0x00000000e242e3a8,0x00000000e6700000)
 Metaspace       used 86332K, capacity 93438K, committed 93568K, reserved 1130496K
  class space    used 10501K, capacity 12623K, committed 12672K, reserved 1048576K
Event: 4570.065 GC heap after
Heap after GC invocations=164 (full 74):
 PSYoungGen      total 96256K, used 0K [0x00000000f5580000, 0x00000000fb600000, 0x0000000100000000)
  eden space 95232K, 0% used [0x00000000f5580000,0x00000000f5580000,0x00000000fb280000)
  from space 1024K, 0% used [0x00000000fb400000,0x00000000fb400000,0x00000000fb500000)
  to   space 1536K, 0% used [0x00000000fb280000,0x00000000fb280000,0x00000000fb400000)
 ParOldGen       total 105472K, used 37513K [0x00000000e0000000, 0x00000000e6700000, 0x00000000f5580000)
  object space 105472K, 35% used [0x00000000e0000000,0x00000000e24a2488,0x00000000e6700000)
 Metaspace       used 86332K, capacity 93438K, committed 93568K, reserved 1130496K
  class space    used 10501K, capacity 12623K, committed 12672K, reserved 1048576K
}
Event: 4629.936 GC heap before
{Heap before GC invocations=165 (full 74):
 PSYoungGen      total 96256K, used 4566K [0x00000000f5580000, 0x00000000fb600000, 0x0000000100000000)
  eden space 95232K, 4% used [0x00000000f5580000,0x00000000f59f58b0,0x00000000fb280000)
  from space 1024K, 0% used [0x00000000fb400000,0x00000000fb400000,0x00000000fb500000)
  to   space 1536K, 0% used [0x00000000fb280000,0x00000000fb280000,0x00000000fb400000)
 ParOldGen       total 105472K, used 37513K [0x00000000e0000000, 0x00000000e6700000, 0x00000000f5580000)
  object space 105472K, 35% used [0x00000000e0000000,0x00000000e24a2488,0x00000000e6700000)
 Metaspace       used 86341K, capacity 93438K, committed 93568K, reserved 1130496K
  class space    used 10501K, capacity 12623K, committed 12672K, reserved 1048576K
Event: 4629.941 GC heap after
Heap after GC invocations=165 (full 74):
 PSYoungGen      total 96768K, used 192K [0x00000000f5580000, 0x00000000fb600000, 0x0000000100000000)
  eden space 95232K, 0% used [0x00000000f5580000,0x00000000f5580000,0x00000000fb280000)
  from space 1536K, 12% used [0x00000000fb280000,0x00000000fb2b0000,0x00000000fb400000)
  to   space 1536K, 0% used [0x00000000fb480000,0x00000000fb480000,0x00000000fb600000)
 ParOldGen       total 105472K, used 37521K [0x00000000e0000000, 0x00000000e6700000, 0x00000000f5580000)
  object space 105472K, 35% used [0x00000000e0000000,0x00000000e24a4488,0x00000000e6700000)
 Metaspace       used 86341K, capacity 93438K, committed 93568K, reserved 1130496K
  class space    used 10501K, capacity 12623K, committed 12672K, reserved 1048576K
}
Event: 4629.941 GC heap before
{Heap before GC invocations=166 (full 75):
 PSYoungGen      total 96768K, used 192K [0x00000000f5580000, 0x00000000fb600000, 0x0000000100000000)
  eden space 95232K, 0% used [0x00000000f5580000,0x00000000f5580000,0x00000000fb280000)
  from space 1536K, 12% used [0x00000000fb280000,0x00000000fb2b0000,0x00000000fb400000)
  to   space 1536K, 0% used [0x00000000fb480000,0x00000000fb480000,0x00000000fb600000)
 ParOldGen       total 105472K, used 37521K [0x00000000e0000000, 0x00000000e6700000, 0x00000000f5580000)
  object space 105472K, 35% used [0x00000000e0000000,0x00000000e24a4488,0x00000000e6700000)
 Metaspace       used 86341K, capacity 93438K, committed 93568K, reserved 1130496K
  class space    used 10501K, capacity 12623K, committed 12672K, reserved 1048576K
Event: 4630.079 GC heap after
Heap after GC invocations=166 (full 75):
 PSYoungGen      total 96768K, used 0K [0x00000000f5580000, 0x00000000fb600000, 0x0000000100000000)
  eden space 95232K, 0% used [0x00000000f5580000,0x00000000f5580000,0x00000000fb280000)
  from space 1536K, 0% used [0x00000000fb280000,0x00000000fb280000,0x00000000fb400000)
  to   space 1536K, 0% used [0x00000000fb480000,0x00000000fb480000,0x00000000fb600000)
 ParOldGen       total 105472K, used 37196K [0x00000000e0000000, 0x00000000e6700000, 0x00000000f5580000)
  object space 105472K, 35% used [0x00000000e0000000,0x00000000e24533a0,0x00000000e6700000)
 Metaspace       used 86341K, capacity 93438K, committed 93568K, reserved 1130496K
  class space    used 10501K, capacity 12623K, committed 12672K, reserved 1048576K
}
Event: 4689.937 GC heap before
{Heap before GC invocations=167 (full 75):
 PSYoungGen      total 96768K, used 2949K [0x00000000f5580000, 0x00000000fb600000, 0x0000000100000000)
  eden space 95232K, 3% used [0x00000000f5580000,0x00000000f5861430,0x00000000fb280000)
  from space 1536K, 0% used [0x00000000fb280000,0x00000000fb280000,0x00000000fb400000)
  to   space 1536K, 0% used [0x00000000fb480000,0x00000000fb480000,0x00000000fb600000)
 ParOldGen       total 105472K, used 37196K [0x00000000e0000000, 0x00000000e6700000, 0x00000000f5580000)
  object space 105472K, 35% used [0x00000000e0000000,0x00000000e24533a0,0x00000000e6700000)
 Metaspace       used 86341K, capacity 93438K, committed 93568K, reserved 1130496K
  class space    used 10501K, capacity 12623K, committed 12672K, reserved 1048576K
Event: 4689.940 GC heap after
Heap after GC invocations=167 (full 75):
 PSYoungGen      total 97280K, used 128K [0x00000000f5580000, 0x00000000fb600000, 0x0000000100000000)
  eden space 95744K, 0% used [0x00000000f5580000,0x00000000f5580000,0x00000000fb300000)
  from space 1536K, 8% used [0x00000000fb480000,0x00000000fb4a0000,0x00000000fb600000)
  to   space 1536K, 0% used [0x00000000fb300000,0x00000000fb300000,0x00000000fb480000)
 ParOldGen       total 105472K, used 37196K [0x00000000e0000000, 0x00000000e6700000, 0x00000000f5580000)
  object space 105472K, 35% used [0x00000000e0000000,0x00000000e24533a0,0x00000000e6700000)
 Metaspace       used 86341K, capacity 93438K, committed 93568K, reserved 1130496K
  class space    used 10501K, capacity 12623K, committed 12672K, reserved 1048576K
}
Event: 4689.940 GC heap before
{Heap before GC invocations=168 (full 76):
 PSYoungGen      total 97280K, used 128K [0x00000000f5580000, 0x00000000fb600000, 0x0000000100000000)
  eden space 95744K, 0% used [0x00000000f5580000,0x00000000f5580000,0x00000000fb300000)
  from space 1536K, 8% used [0x00000000fb480000,0x00000000fb4a0000,0x00000000fb600000)
  to   space 1536K, 0% used [0x00000000fb300000,0x00000000fb300000,0x00000000fb480000)
 ParOldGen       total 105472K, used 37196K [0x00000000e0000000, 0x00000000e6700000, 0x00000000f5580000)
  object space 105472K, 35% used [0x00000000e0000000,0x00000000e24533a0,0x00000000e6700000)
 Metaspace       used 86341K, capacity 93438K, committed 93568K, reserved 1130496K
  class space    used 10501K, capacity 12623K, committed 12672K, reserved 1048576K
Event: 4690.052 GC heap after
Heap after GC invocations=168 (full 76):
 PSYoungGen      total 97280K, used 0K [0x00000000f5580000, 0x00000000fb600000, 0x0000000100000000)
  eden space 95744K, 0% used [0x00000000f5580000,0x00000000f5580000,0x00000000fb300000)
  from space 1536K, 0% used [0x00000000fb480000,0x00000000fb480000,0x00000000fb600000)
  to   space 1536K, 0% used [0x00000000fb300000,0x00000000fb300000,0x00000000fb480000)
 ParOldGen       total 105472K, used 37196K [0x00000000e0000000, 0x00000000e6700000, 0x00000000f5580000)
  object space 105472K, 35% used [0x00000000e0000000,0x00000000e24533a0,0x00000000e6700000)
 Metaspace       used 86341K, capacity 93438K, committed 93568K, reserved 1130496K
  class space    used 10501K, capacity 12623K, committed 12672K, reserved 1048576K
}

