# JRE version: Java(TM) SE Runtime Environment (8.0_25-b18) (build 1.8.0_25-b18)
# Java VM: Java HotSpot(TM) 64-Bit Server VM (25.25-b02 mixed mode windows-amd64 compressed oops)
Heap:
 PSYoungGen      total 139776K, used 32254K [0x00000000f5580000, 0x00000000fdf80000, 0x0000000100000000)
  eden space 138240K, 23% used [0x00000000f5580000,0x00000000f74ff858,0x00000000fdc80000)
  from space 1536K, 0% used [0x00000000fde00000,0x00000000fde00000,0x00000000fdf80000)
  to   space 1536K, 0% used [0x00000000fdc80000,0x00000000fdc80000,0x00000000fde00000)
 ParOldGen       total 102912K, used 40363K [0x00000000e0000000, 0x00000000e6480000, 0x00000000f5580000)
  object space 102912K, 39% used [0x00000000e0000000,0x00000000e276ad20,0x00000000e6480000)
 Metaspace       used 81972K, capacity 87234K, committed 87640K, reserved 1126400K
  class space    used 9847K, capacity 11554K, committed 11648K, reserved 1048576K
GC Heap History (10 events):
Event: 3138.639 GC heap before
{Heap before GC invocations=123 (full 55):
 PSYoungGen      total 139776K, used 256K [0x00000000f5580000, 0x00000000fdf80000, 0x0000000100000000)
  eden space 138240K, 0% used [0x00000000f5580000,0x00000000f5580000,0x00000000fdc80000)
  from space 1536K, 16% used [0x00000000fde00000,0x00000000fde40000,0x00000000fdf80000)
  to   space 1536K, 0% used [0x00000000fdc80000,0x00000000fdc80000,0x00000000fde00000)
 ParOldGen       total 102912K, used 40330K [0x00000000e0000000, 0x00000000e6480000, 0x00000000f5580000)
  object space 102912K, 39% used [0x00000000e0000000,0x00000000e2762a78,0x00000000e6480000)
 Metaspace       used 81115K, capacity 86330K, committed 86488K, reserved 1124352K
  class space    used 9753K, capacity 11487K, committed 11520K, reserved 1048576K
Event: 3138.725 GC heap after
Heap after GC invocations=123 (full 55):
 PSYoungGen      total 139776K, used 0K [0x00000000f5580000, 0x00000000fdf80000, 0x0000000100000000)
  eden space 138240K, 0% used [0x00000000f5580000,0x00000000f5580000,0x00000000fdc80000)
  from space 1536K, 0% used [0x00000000fde00000,0x00000000fde00000,0x00000000fdf80000)
  to   space 1536K, 0% used [0x00000000fdc80000,0x00000000fdc80000,0x00000000fde00000)
 ParOldGen       total 102912K, used 40330K [0x00000000e0000000, 0x00000000e6480000, 0x00000000f5580000)
  object space 102912K, 39% used [0x00000000e0000000,0x00000000e2762a78,0x00000000e6480000)
 Metaspace       used 81115K, capacity 86330K, committed 86488K, reserved 1124352K
  class space    used 9753K, capacity 11487K, committed 11520K, reserved 1048576K
}
Event: 3198.636 GC heap before
{Heap before GC invocations=124 (full 55):
 PSYoungGen      total 139776K, used 4178K [0x00000000f5580000, 0x00000000fdf80000, 0x0000000100000000)
  eden space 138240K, 3% used [0x00000000f5580000,0x00000000f5994930,0x00000000fdc80000)
  from space 1536K, 0% used [0x00000000fde00000,0x00000000fde00000,0x00000000fdf80000)
  to   space 1536K, 0% used [0x00000000fdc80000,0x00000000fdc80000,0x00000000fde00000)
 ParOldGen       total 102912K, used 40330K [0x00000000e0000000, 0x00000000e6480000, 0x00000000f5580000)
  object space 102912K, 39% used [0x00000000e0000000,0x00000000e2762a78,0x00000000e6480000)
 Metaspace       used 81115K, capacity 86330K, committed 86488K, reserved 1124352K
  class space    used 9753K, capacity 11487K, committed 11520K, reserved 1048576K
Event: 3198.640 GC heap after
Heap after GC invocations=124 (full 55):
 PSYoungGen      total 139776K, used 224K [0x00000000f5580000, 0x00000000fdf80000, 0x0000000100000000)
  eden space 138240K, 0% used [0x00000000f5580000,0x00000000f5580000,0x00000000fdc80000)
  from space 1536K, 14% used [0x00000000fdc80000,0x00000000fdcb8000,0x00000000fde00000)
  to   space 1536K, 0% used [0x00000000fde00000,0x00000000fde00000,0x00000000fdf80000)
 ParOldGen       total 102912K, used 40330K [0x00000000e0000000, 0x00000000e6480000, 0x00000000f5580000)
  object space 102912K, 39% used [0x00000000e0000000,0x00000000e2762a78,0x00000000e6480000)
 Metaspace       used 81115K, capacity 86330K, committed 86488K, reserved 1124352K
  class space    used 9753K, capacity 11487K, committed 11520K, reserved 1048576K
}
Event: 3198.640 GC heap before
{Heap before GC invocations=125 (full 56):
 PSYoungGen      total 139776K, used 224K [0x00000000f5580000, 0x00000000fdf80000, 0x0000000100000000)
  eden space 138240K, 0% used [0x00000000f5580000,0x00000000f5580000,0x00000000fdc80000)
  from space 1536K, 14% used [0x00000000fdc80000,0x00000000fdcb8000,0x00000000fde00000)
  to   space 1536K, 0% used [0x00000000fde00000,0x00000000fde00000,0x00000000fdf80000)
 ParOldGen       total 102912K, used 40330K [0x00000000e0000000, 0x00000000e6480000, 0x00000000f5580000)
  object space 102912K, 39% used [0x00000000e0000000,0x00000000e2762a78,0x00000000e6480000)
 Metaspace       used 81115K, capacity 86330K, committed 86488K, reserved 1124352K
  class space    used 9753K, capacity 11487K, committed 11520K, reserved 1048576K
Event: 3198.765 GC heap after
Heap after GC invocations=125 (full 56):
 PSYoungGen      total 139776K, used 0K [0x00000000f5580000, 0x00000000fdf80000, 0x0000000100000000)
  eden space 138240K, 0% used [0x00000000f5580000,0x00000000f5580000,0x00000000fdc80000)
  from space 1536K, 0% used [0x00000000fdc80000,0x00000000fdc80000,0x00000000fde00000)
  to   space 1536K, 0% used [0x00000000fde00000,0x00000000fde00000,0x00000000fdf80000)
 ParOldGen       total 102912K, used 40330K [0x00000000e0000000, 0x00000000e6480000, 0x00000000f5580000)
  object space 102912K, 39% used [0x00000000e0000000,0x00000000e2762a78,0x00000000e6480000)
 Metaspace       used 81115K, capacity 86330K, committed 86488K, reserved 1124352K
  class space    used 9753K, capacity 11487K, committed 11520K, reserved 1048576K
}
Event: 3258.643 GC heap before
{Heap before GC invocations=126 (full 56):
 PSYoungGen      total 139776K, used 4455K [0x00000000f5580000, 0x00000000fdf80000, 0x0000000100000000)
  eden space 138240K, 3% used [0x00000000f5580000,0x00000000f59d9eb8,0x00000000fdc80000)
  from space 1536K, 0% used [0x00000000fdc80000,0x00000000fdc80000,0x00000000fde00000)
  to   space 1536K, 0% used [0x00000000fde00000,0x00000000fde00000,0x00000000fdf80000)
 ParOldGen       total 102912K, used 40330K [0x00000000e0000000, 0x00000000e6480000, 0x00000000f5580000)
  object space 102912K, 39% used [0x00000000e0000000,0x00000000e2762a78,0x00000000e6480000)
 Metaspace       used 81120K, capacity 86330K, committed 86488K, reserved 1124352K
  class space    used 9753K, capacity 11487K, committed 11520K, reserved 1048576K
Event: 3258.645 GC heap after
Heap after GC invocations=126 (full 56):
 PSYoungGen      total 139776K, used 320K [0x00000000f5580000, 0x00000000fdf80000, 0x0000000100000000)
  eden space 138240K, 0% used [0x00000000f5580000,0x00000000f5580000,0x00000000fdc80000)
  from space 1536K, 20% used [0x00000000fde00000,0x00000000fde50000,0x00000000fdf80000)
  to   space 1536K, 0% used [0x00000000fdc80000,0x00000000fdc80000,0x00000000fde00000)
 ParOldGen       total 102912K, used 40338K [0x00000000e0000000, 0x00000000e6480000, 0x00000000f5580000)
  object space 102912K, 39% used [0x00000000e0000000,0x00000000e2764a78,0x00000000e6480000)
 Metaspace       used 81120K, capacity 86330K, committed 86488K, reserved 1124352K
  class space    used 9753K, capacity 11487K, committed 11520K, reserved 1048576K
}
Event: 3258.645 GC heap before
{Heap before GC invocations=127 (full 57):
 PSYoungGen      total 139776K, used 320K [0x00000000f5580000, 0x00000000fdf80000, 0x0000000100000000)
  eden space 138240K, 0% used [0x00000000f5580000,0x00000000f5580000,0x00000000fdc80000)
  from space 1536K, 20% used [0x00000000fde00000,0x00000000fde50000,0x00000000fdf80000)
  to   space 1536K, 0% used [0x00000000fdc80000,0x00000000fdc80000,0x00000000fde00000)
 ParOldGen       total 102912K, used 40338K [0x00000000e0000000, 0x00000000e6480000, 0x00000000f5580000)
  object space 102912K, 39% used [0x00000000e0000000,0x00000000e2764a78,0x00000000e6480000)
 Metaspace       used 81120K, capacity 86330K, committed 86488K, reserved 1124352K
  class space    used 9753K, capacity 11487K, committed 11520K, reserved 1048576K
Event: 3258.788 GC heap after
Heap after GC invocations=127 (full 57):
 PSYoungGen      total 139776K, used 0K [0x00000000f5580000, 0x00000000fdf80000, 0x0000000100000000)
  eden space 138240K, 0% used [0x00000000f5580000,0x00000000f5580000,0x00000000fdc80000)
  from space 1536K, 0% used [0x00000000fde00000,0x00000000fde00000,0x00000000fdf80000)
  to   space 1536K, 0% used [0x00000000fdc80000,0x00000000fdc80000,0x00000000fde00000)
 ParOldGen       total 102912K, used 40363K [0x00000000e0000000, 0x00000000e6480000, 0x00000000f5580000)
  object space 102912K, 39% used [0x00000000e0000000,0x00000000e276ad20,0x00000000e6480000)
 Metaspace       used 81120K, capacity 86330K, committed 86488K, reserved 1124352K
  class space    used 9753K, capacity 11487K, committed 11520K, reserved 1048576K
}

