# JRE version: Java(TM) SE Runtime Environment (8.0_45-b15) (build 1.8.0_45-b15)
# Java VM: Java HotSpot(TM) 64-Bit Server VM (25.45-b02 mixed mode windows-amd64 compressed oops)
Heap:
 PSYoungGen      total 80896K, used 21841K [0x00000000f5580000, 0x00000000fc000000, 0x0000000100000000)
  eden space 54272K, 40% used [0x00000000f5580000,0x00000000f6ad4458,0x00000000f8a80000)
  from space 26624K, 0% used [0x00000000fa500000,0x00000000fa500000,0x00000000fbf00000)
  to   space 27136K, 0% used [0x00000000f8a80000,0x00000000f8a80000,0x00000000fa500000)
 ParOldGen       total 105472K, used 48995K [0x00000000e0000000, 0x00000000e6700000, 0x00000000f5580000)
  object space 105472K, 46% used [0x00000000e0000000,0x00000000e2fd8da8,0x00000000e6700000)
 Metaspace       used 78142K, capacity 84846K, committed 84992K, reserved 1122304K
  class space    used 9703K, capacity 11743K, committed 11776K, reserved 1048576K
GC Heap History (10 events):
Event: 76.729 GC heap before
{Heap before GC invocations=19 (full 3):
 PSYoungGen      total 71168K, used 70482K [0x00000000f5580000, 0x00000000fbb00000, 0x0000000100000000)
  eden space 49664K, 100% used [0x00000000f5580000,0x00000000f8600000,0x00000000f8600000)
  from space 21504K, 96% used [0x00000000f8600000,0x00000000f9a54a60,0x00000000f9b00000)
  to   space 24064K, 0% used [0x00000000fa380000,0x00000000fa380000,0x00000000fbb00000)
 ParOldGen       total 105472K, used 40656K [0x00000000e0000000, 0x00000000e6700000, 0x00000000f5580000)
  object space 105472K, 38% used [0x00000000e0000000,0x00000000e27b4008,0x00000000e6700000)
 Metaspace       used 76232K, capacity 82698K, committed 82944K, reserved 1120256K
  class space    used 9509K, capacity 11502K, committed 11520K, reserved 1048576K
Event: 76.754 GC heap after
Heap after GC invocations=19 (full 3):
 PSYoungGen      total 78336K, used 19170K [0x00000000f5580000, 0x00000000fbd00000, 0x0000000100000000)
  eden space 54272K, 0% used [0x00000000f5580000,0x00000000f5580000,0x00000000f8a80000)
  from space 24064K, 79% used [0x00000000fa380000,0x00000000fb638a00,0x00000000fbb00000)
  to   space 25600K, 0% used [0x00000000f8a80000,0x00000000f8a80000,0x00000000fa380000)
 ParOldGen       total 105472K, used 40664K [0x00000000e0000000, 0x00000000e6700000, 0x00000000f5580000)
  object space 105472K, 38% used [0x00000000e0000000,0x00000000e27b6008,0x00000000e6700000)
 Metaspace       used 76232K, capacity 82698K, committed 82944K, reserved 1120256K
  class space    used 9509K, capacity 11502K, committed 11520K, reserved 1048576K
}
Event: 85.484 GC heap before
{Heap before GC invocations=20 (full 3):
 PSYoungGen      total 78336K, used 31478K [0x00000000f5580000, 0x00000000fbd00000, 0x0000000100000000)
  eden space 54272K, 22% used [0x00000000f5580000,0x00000000f6184e78,0x00000000f8a80000)
  from space 24064K, 79% used [0x00000000fa380000,0x00000000fb638a00,0x00000000fbb00000)
  to   space 25600K, 0% used [0x00000000f8a80000,0x00000000f8a80000,0x00000000fa380000)
 ParOldGen       total 105472K, used 40664K [0x00000000e0000000, 0x00000000e6700000, 0x00000000f5580000)
  object space 105472K, 38% used [0x00000000e0000000,0x00000000e27b6008,0x00000000e6700000)
 Metaspace       used 76415K, capacity 82762K, committed 82944K, reserved 1120256K
  class space    used 9519K, capacity 11502K, committed 11520K, reserved 1048576K
Event: 85.503 GC heap after
Heap after GC invocations=20 (full 3):
 PSYoungGen      total 79872K, used 18479K [0x00000000f5580000, 0x00000000fbf00000, 0x0000000100000000)
  eden space 54272K, 0% used [0x00000000f5580000,0x00000000f5580000,0x00000000f8a80000)
  from space 25600K, 72% used [0x00000000f8a80000,0x00000000f9c8bf88,0x00000000fa380000)
  to   space 26624K, 0% used [0x00000000fa500000,0x00000000fa500000,0x00000000fbf00000)
 ParOldGen       total 105472K, used 40672K [0x00000000e0000000, 0x00000000e6700000, 0x00000000f5580000)
  object space 105472K, 38% used [0x00000000e0000000,0x00000000e27b8008,0x00000000e6700000)
 Metaspace       used 76415K, capacity 82762K, committed 82944K, reserved 1120256K
  class space    used 9519K, capacity 11502K, committed 11520K, reserved 1048576K
}
Event: 85.503 GC heap before
{Heap before GC invocations=21 (full 4):
 PSYoungGen      total 79872K, used 18479K [0x00000000f5580000, 0x00000000fbf00000, 0x0000000100000000)
  eden space 54272K, 0% used [0x00000000f5580000,0x00000000f5580000,0x00000000f8a80000)
  from space 25600K, 72% used [0x00000000f8a80000,0x00000000f9c8bf88,0x00000000fa380000)
  to   space 26624K, 0% used [0x00000000fa500000,0x00000000fa500000,0x00000000fbf00000)
 ParOldGen       total 105472K, used 40672K [0x00000000e0000000, 0x00000000e6700000, 0x00000000f5580000)
  object space 105472K, 38% used [0x00000000e0000000,0x00000000e27b8008,0x00000000e6700000)
 Metaspace       used 76415K, capacity 82762K, committed 82944K, reserved 1120256K
  class space    used 9519K, capacity 11502K, committed 11520K, reserved 1048576K
Event: 85.833 GC heap after
Heap after GC invocations=21 (full 4):
 PSYoungGen      total 79872K, used 0K [0x00000000f5580000, 0x00000000fbf00000, 0x0000000100000000)
  eden space 54272K, 0% used [0x00000000f5580000,0x00000000f5580000,0x00000000f8a80000)
  from space 25600K, 0% used [0x00000000f8a80000,0x00000000f8a80000,0x00000000fa380000)
  to   space 26624K, 0% used [0x00000000fa500000,0x00000000fa500000,0x00000000fbf00000)
 ParOldGen       total 105472K, used 49208K [0x00000000e0000000, 0x00000000e6700000, 0x00000000f5580000)
  object space 105472K, 46% used [0x00000000e0000000,0x00000000e300e270,0x00000000e6700000)
 Metaspace       used 76415K, capacity 82762K, committed 82944K, reserved 1120256K
  class space    used 9519K, capacity 11502K, committed 11520K, reserved 1048576K
}
Event: 152.214 GC heap before
{Heap before GC invocations=22 (full 4):
 PSYoungGen      total 79872K, used 34614K [0x00000000f5580000, 0x00000000fbf00000, 0x0000000100000000)
  eden space 54272K, 63% used [0x00000000f5580000,0x00000000f774db70,0x00000000f8a80000)
  from space 25600K, 0% used [0x00000000f8a80000,0x00000000f8a80000,0x00000000fa380000)
  to   space 26624K, 0% used [0x00000000fa500000,0x00000000fa500000,0x00000000fbf00000)
 ParOldGen       total 105472K, used 49208K [0x00000000e0000000, 0x00000000e6700000, 0x00000000f5580000)
  object space 105472K, 46% used [0x00000000e0000000,0x00000000e300e270,0x00000000e6700000)
 Metaspace       used 76917K, capacity 83530K, committed 83840K, reserved 1122304K
  class space    used 9566K, capacity 11583K, committed 11648K, reserved 1048576K
Event: 152.221 GC heap after
Heap after GC invocations=22 (full 4):
 PSYoungGen      total 80896K, used 1289K [0x00000000f5580000, 0x00000000fc000000, 0x0000000100000000)
  eden space 54272K, 0% used [0x00000000f5580000,0x00000000f5580000,0x00000000f8a80000)
  from space 26624K, 4% used [0x00000000fa500000,0x00000000fa6424b8,0x00000000fbf00000)
  to   space 27136K, 0% used [0x00000000f8a80000,0x00000000f8a80000,0x00000000fa500000)
 ParOldGen       total 105472K, used 49216K [0x00000000e0000000, 0x00000000e6700000, 0x00000000f5580000)
  object space 105472K, 46% used [0x00000000e0000000,0x00000000e3010270,0x00000000e6700000)
 Metaspace       used 76917K, capacity 83530K, committed 83840K, reserved 1122304K
  class space    used 9566K, capacity 11583K, committed 11648K, reserved 1048576K
}
Event: 152.221 GC heap before
{Heap before GC invocations=23 (full 5):
 PSYoungGen      total 80896K, used 1289K [0x00000000f5580000, 0x00000000fc000000, 0x0000000100000000)
  eden space 54272K, 0% used [0x00000000f5580000,0x00000000f5580000,0x00000000f8a80000)
  from space 26624K, 4% used [0x00000000fa500000,0x00000000fa6424b8,0x00000000fbf00000)
  to   space 27136K, 0% used [0x00000000f8a80000,0x00000000f8a80000,0x00000000fa500000)
 ParOldGen       total 105472K, used 49216K [0x00000000e0000000, 0x00000000e6700000, 0x00000000f5580000)
  object space 105472K, 46% used [0x00000000e0000000,0x00000000e3010270,0x00000000e6700000)
 Metaspace       used 76917K, capacity 83530K, committed 83840K, reserved 1122304K
  class space    used 9566K, capacity 11583K, committed 11648K, reserved 1048576K
Event: 152.639 GC heap after
Heap after GC invocations=23 (full 5):
 PSYoungGen      total 80896K, used 0K [0x00000000f5580000, 0x00000000fc000000, 0x0000000100000000)
  eden space 54272K, 0% used [0x00000000f5580000,0x00000000f5580000,0x00000000f8a80000)
  from space 26624K, 0% used [0x00000000fa500000,0x00000000fa500000,0x00000000fbf00000)
  to   space 27136K, 0% used [0x00000000f8a80000,0x00000000f8a80000,0x00000000fa500000)
 ParOldGen       total 105472K, used 48995K [0x00000000e0000000, 0x00000000e6700000, 0x00000000f5580000)
  object space 105472K, 46% used [0x00000000e0000000,0x00000000e2fd8da8,0x00000000e6700000)
 Metaspace       used 76917K, capacity 83530K, committed 83840K, reserved 1122304K
  class space    used 9566K, capacity 11583K, committed 11648K, reserved 1048576K
}

