# JRE version: Java(TM) SE Runtime Environment (8.0_45-b15) (build 1.8.0_45-b15)
# Java VM: Java HotSpot(TM) 64-Bit Server VM (25.45-b02 mixed mode windows-amd64 compressed oops)
Heap:
 PSYoungGen      total 150528K, used 42878K [0x00000000f5580000, 0x00000000ff380000, 0x0000000100000000)
  eden space 145408K, 29% used [0x00000000f5580000,0x00000000f7f5f938,0x00000000fe380000)
  from space 5120K, 0% used [0x00000000fe480000,0x00000000fe480000,0x00000000fe980000)
  to   space 8192K, 0% used [0x00000000feb80000,0x00000000feb80000,0x00000000ff380000)
 ParOldGen       total 89088K, used 51397K [0x00000000e0000000, 0x00000000e5700000, 0x00000000f5580000)
  object space 89088K, 57% used [0x00000000e0000000,0x00000000e32315c8,0x00000000e5700000)
 Metaspace       used 97104K, capacity 104198K, committed 104576K, reserved 1140736K
  class space    used 11614K, capacity 13827K, committed 13952K, reserved 1048576K
GC Heap History (10 events):
Event: 4458.543 GC heap before
{Heap before GC invocations=162 (full 69):
 PSYoungGen      total 156672K, used 3658K [0x00000000f5580000, 0x00000000ff480000, 0x0000000100000000)
  eden space 150528K, 2% used [0x00000000f5580000,0x00000000f5912a28,0x00000000fe880000)
  from space 6144K, 0% used [0x00000000fee80000,0x00000000fee80000,0x00000000ff480000)
  to   space 6144K, 0% used [0x00000000fe880000,0x00000000fe880000,0x00000000fee80000)
 ParOldGen       total 89088K, used 49940K [0x00000000e0000000, 0x00000000e5700000, 0x00000000f5580000)
  object space 89088K, 56% used [0x00000000e0000000,0x00000000e30c52e8,0x00000000e5700000)
 Metaspace       used 93387K, capacity 100500K, committed 100736K, reserved 1136640K
  class space    used 11031K, capacity 13177K, committed 13184K, reserved 1048576K
Event: 4458.545 GC heap after
Heap after GC invocations=162 (full 69):
 PSYoungGen      total 156672K, used 256K [0x00000000f5580000, 0x00000000ff480000, 0x0000000100000000)
  eden space 150528K, 0% used [0x00000000f5580000,0x00000000f5580000,0x00000000fe880000)
  from space 6144K, 4% used [0x00000000fe880000,0x00000000fe8c0000,0x00000000fee80000)
  to   space 6144K, 0% used [0x00000000fee80000,0x00000000fee80000,0x00000000ff480000)
 ParOldGen       total 89088K, used 49940K [0x00000000e0000000, 0x00000000e5700000, 0x00000000f5580000)
  object space 89088K, 56% used [0x00000000e0000000,0x00000000e30c52e8,0x00000000e5700000)
 Metaspace       used 93387K, capacity 100500K, committed 100736K, reserved 1136640K
  class space    used 11031K, capacity 13177K, committed 13184K, reserved 1048576K
}
Event: 4458.545 GC heap before
{Heap before GC invocations=163 (full 70):
 PSYoungGen      total 156672K, used 256K [0x00000000f5580000, 0x00000000ff480000, 0x0000000100000000)
  eden space 150528K, 0% used [0x00000000f5580000,0x00000000f5580000,0x00000000fe880000)
  from space 6144K, 4% used [0x00000000fe880000,0x00000000fe8c0000,0x00000000fee80000)
  to   space 6144K, 0% used [0x00000000fee80000,0x00000000fee80000,0x00000000ff480000)
 ParOldGen       total 89088K, used 49940K [0x00000000e0000000, 0x00000000e5700000, 0x00000000f5580000)
  object space 89088K, 56% used [0x00000000e0000000,0x00000000e30c52e8,0x00000000e5700000)
 Metaspace       used 93387K, capacity 100500K, committed 100736K, reserved 1136640K
  class space    used 11031K, capacity 13177K, committed 13184K, reserved 1048576K
Event: 4458.746 GC heap after
Heap after GC invocations=163 (full 70):
 PSYoungGen      total 156672K, used 0K [0x00000000f5580000, 0x00000000ff480000, 0x0000000100000000)
  eden space 150528K, 0% used [0x00000000f5580000,0x00000000f5580000,0x00000000fe880000)
  from space 6144K, 0% used [0x00000000fe880000,0x00000000fe880000,0x00000000fee80000)
  to   space 6144K, 0% used [0x00000000fee80000,0x00000000fee80000,0x00000000ff480000)
 ParOldGen       total 89088K, used 49446K [0x00000000e0000000, 0x00000000e5700000, 0x00000000f5580000)
  object space 89088K, 55% used [0x00000000e0000000,0x00000000e3049ac0,0x00000000e5700000)
 Metaspace       used 93387K, capacity 100500K, committed 100736K, reserved 1136640K
  class space    used 11031K, capacity 13177K, committed 13184K, reserved 1048576K
}
Event: 4569.088 GC heap before
{Heap before GC invocations=164 (full 70):
 PSYoungGen      total 156672K, used 150528K [0x00000000f5580000, 0x00000000ff480000, 0x0000000100000000)
  eden space 150528K, 100% used [0x00000000f5580000,0x00000000fe880000,0x00000000fe880000)
  from space 6144K, 0% used [0x00000000fe880000,0x00000000fe880000,0x00000000fee80000)
  to   space 6144K, 0% used [0x00000000fee80000,0x00000000fee80000,0x00000000ff480000)
 ParOldGen       total 89088K, used 49446K [0x00000000e0000000, 0x00000000e5700000, 0x00000000f5580000)
  object space 89088K, 55% used [0x00000000e0000000,0x00000000e3049ac0,0x00000000e5700000)
 Metaspace       used 96442K, capacity 103596K, committed 103680K, reserved 1138688K
  class space    used 11544K, capacity 13760K, committed 13824K, reserved 1048576K
Event: 4569.095 GC heap after
Heap after GC invocations=164 (full 70):
 PSYoungGen      total 151552K, used 6130K [0x00000000f5580000, 0x00000000ff480000, 0x0000000100000000)
  eden space 145408K, 0% used [0x00000000f5580000,0x00000000f5580000,0x00000000fe380000)
  from space 6144K, 99% used [0x00000000fee80000,0x00000000ff47c858,0x00000000ff480000)
  to   space 8192K, 0% used [0x00000000fe480000,0x00000000fe480000,0x00000000fec80000)
 ParOldGen       total 89088K, used 50980K [0x00000000e0000000, 0x00000000e5700000, 0x00000000f5580000)
  object space 89088K, 57% used [0x00000000e0000000,0x00000000e31c9220,0x00000000e5700000)
 Metaspace       used 96442K, capacity 103596K, committed 103680K, reserved 1138688K
  class space    used 11544K, capacity 13760K, committed 13824K, reserved 1048576K
}
Event: 4573.926 GC heap before
{Heap before GC invocations=165 (full 70):
 PSYoungGen      total 151552K, used 20167K [0x00000000f5580000, 0x00000000ff480000, 0x0000000100000000)
  eden space 145408K, 9% used [0x00000000f5580000,0x00000000f6335648,0x00000000fe380000)
  from space 6144K, 99% used [0x00000000fee80000,0x00000000ff47c858,0x00000000ff480000)
  to   space 8192K, 0% used [0x00000000fe480000,0x00000000fe480000,0x00000000fec80000)
 ParOldGen       total 89088K, used 50980K [0x00000000e0000000, 0x00000000e5700000, 0x00000000f5580000)
  object space 89088K, 57% used [0x00000000e0000000,0x00000000e31c9220,0x00000000e5700000)
 Metaspace       used 96443K, capacity 103596K, committed 103680K, reserved 1138688K
  class space    used 11544K, capacity 13760K, committed 13824K, reserved 1048576K
Event: 4573.930 GC heap after
Heap after GC invocations=165 (full 70):
 PSYoungGen      total 150528K, used 5015K [0x00000000f5580000, 0x00000000ff380000, 0x0000000100000000)
  eden space 145408K, 0% used [0x00000000f5580000,0x00000000f5580000,0x00000000fe380000)
  from space 5120K, 97% used [0x00000000fe480000,0x00000000fe965fc0,0x00000000fe980000)
  to   space 8192K, 0% used [0x00000000feb80000,0x00000000feb80000,0x00000000ff380000)
 ParOldGen       total 89088K, used 50988K [0x00000000e0000000, 0x00000000e5700000, 0x00000000f5580000)
  object space 89088K, 57% used [0x00000000e0000000,0x00000000e31cb220,0x00000000e5700000)
 Metaspace       used 96443K, capacity 103596K, committed 103680K, reserved 1138688K
  class space    used 11544K, capacity 13760K, committed 13824K, reserved 1048576K
}
Event: 4573.930 GC heap before
{Heap before GC invocations=166 (full 71):
 PSYoungGen      total 150528K, used 5015K [0x00000000f5580000, 0x00000000ff380000, 0x0000000100000000)
  eden space 145408K, 0% used [0x00000000f5580000,0x00000000f5580000,0x00000000fe380000)
  from space 5120K, 97% used [0x00000000fe480000,0x00000000fe965fc0,0x00000000fe980000)
  to   space 8192K, 0% used [0x00000000feb80000,0x00000000feb80000,0x00000000ff380000)
 ParOldGen       total 89088K, used 50988K [0x00000000e0000000, 0x00000000e5700000, 0x00000000f5580000)
  object space 89088K, 57% used [0x00000000e0000000,0x00000000e31cb220,0x00000000e5700000)
 Metaspace       used 96443K, capacity 103596K, committed 103680K, reserved 1138688K
  class space    used 11544K, capacity 13760K, committed 13824K, reserved 1048576K
Event: 4574.227 GC heap after
Heap after GC invocations=166 (full 71):
 PSYoungGen      total 150528K, used 0K [0x00000000f5580000, 0x00000000ff380000, 0x0000000100000000)
  eden space 145408K, 0% used [0x00000000f5580000,0x00000000f5580000,0x00000000fe380000)
  from space 5120K, 0% used [0x00000000fe480000,0x00000000fe480000,0x00000000fe980000)
  to   space 8192K, 0% used [0x00000000feb80000,0x00000000feb80000,0x00000000ff380000)
 ParOldGen       total 89088K, used 51397K [0x00000000e0000000, 0x00000000e5700000, 0x00000000f5580000)
  object space 89088K, 57% used [0x00000000e0000000,0x00000000e32315c8,0x00000000e5700000)
 Metaspace       used 96443K, capacity 103596K, committed 103680K, reserved 1138688K
  class space    used 11544K, capacity 13760K, committed 13824K, reserved 1048576K
}

